<?xml version="1.0" encoding="UTF-8"?>
<!-- Generated by org.testng.reporters.JUnitReportReporter -->
<testsuite hostname="MADEM" failures="0" tests="1" name="com.automationproject.excelreader.Test" time="6.049" errors="0" timestamp="2022-04-11T19:07:11 IST" skipped="0">
  <testcase classname="com.automationproject.excelreader.Test" name="googlePage" time="6.049"/>
  <system-out/>
</testsuite> <!-- com.automationproject.excelreader.Test -->
