<?xml version="1.0" encoding="UTF-8"?>
<!-- Generated by org.testng.reporters.JUnitReportReporter -->
<testsuite hostname="MADEM" failures="0" tests="2" name="com.automationproject.testngconcepts.Test1" time="0.022" errors="0" timestamp="2022-04-06T19:19:46 IST" skipped="0">
  <testcase classname="com.automationproject.testngconcepts.Test1" name="m1" time="0.020"/>
  <system-out/>
  <testcase classname="com.automationproject.testngconcepts.Test1" name="m2" time="0.002"/>
  <system-out/>
</testsuite> <!-- com.automationproject.testngconcepts.Test1 -->
