<?xml version="1.0" encoding="UTF-8"?>
<!-- Generated by org.testng.reporters.JUnitReportReporter -->
<testsuite hostname="MADEM" failures="0" tests="1" name="com.automationproject.excelreader.ExcelSupplies" time="0.000" errors="0" timestamp="2022-04-11T19:01:19 IST" skipped="1">
  <testcase classname="com.automationproject.excelreader.ExcelSupplies" name="sauceDemo" time="0.000">
    <skipped/>
  </testcase> <!-- sauceDemo -->
  <system-out/>
</testsuite> <!-- com.automationproject.excelreader.ExcelSupplies -->
