<?xml version="1.0" encoding="UTF-8"?>
<!-- Generated by org.testng.reporters.JUnitReportReporter -->
<testsuite hostname="MADEM" failures="0" tests="4" name="com.automationproject.testngconcepts.Demo1" time="0.019" errors="0" timestamp="2022-04-08T19:06:18 IST" skipped="0">
  <testcase classname="com.automationproject.testngconcepts.Demo1" name="login" time="0.014"/>
  <system-out/>
  <testcase classname="com.automationproject.testngconcepts.Demo1" name="flightsBooking" time="0.001"/>
  <system-out/>
  <testcase classname="com.automationproject.testngconcepts.Demo1" name="logOutApplication" time="0.003"/>
  <system-out/>
  <testcase classname="com.automationproject.testngconcepts.Demo1" name="tearDown" time="0.001"/>
  <system-out/>
</testsuite> <!-- com.automationproject.testngconcepts.Demo1 -->
