<?xml version="1.0" encoding="UTF-8"?>
<!-- Generated by org.testng.reporters.JUnitReportReporter -->
<testsuite hostname="MADEM" failures="0" tests="1" name="Testing.AutomationProject.Test" time="0.013" errors="0" timestamp="2022-04-07T17:44:48 IST" skipped="0">
  <testcase classname="Testing.AutomationProject.Test" name="launch" time="0.013"/>
  <system-out/>
</testsuite> <!-- Testing.AutomationProject.Test -->
