<?xml version="1.0" encoding="UTF-8"?>
<!-- Generated by org.testng.reporters.JUnitReportReporter -->
<testsuite hostname="MADEM" failures="0" tests="2" name="com.automationproject.testngconcepts.SeleniumDemo1" time="4.029" errors="0" timestamp="2022-04-11T18:54:47 IST" skipped="1">
  <testcase classname="com.automationproject.testngconcepts.SeleniumDemo1" name="facebookPageOpen" time="4.029"/>
  <system-out/>
  <testcase classname="com.automationproject.testngconcepts.SeleniumDemo1" name="googlePageOpen">
    <skipped/>
  </testcase> <!-- googlePageOpen -->
  <system-out/>
</testsuite> <!-- com.automationproject.testngconcepts.SeleniumDemo1 -->
