<?xml version="1.0" encoding="UTF-8"?>
<!-- Generated by org.testng.reporters.JUnitReportReporter -->
<testsuite hostname="MADEM" failures="0" tests="1" name="com.automationproject.basicprogram.Test1" time="6.932" errors="0" timestamp="2022-04-12T19:22:27 IST" skipped="0">
  <testcase classname="com.automationproject.basicprogram.Test1" name="loginTest" time="6.932"/>
  <system-out/>
</testsuite> <!-- com.automationproject.basicprogram.Test1 -->
